[2017-02-13 23:45:29,742: INFO/MainProcess] Connected to amqp://guest:**@127.0.0.1:5672//
[2017-02-13 23:45:29,753: INFO/MainProcess] mingle: searching for neighbors
[2017-02-13 23:45:30,774: INFO/MainProcess] mingle: all alone
[2017-02-13 23:45:30,787: WARNING/MainProcess] /usr/lib64/python2.7/site-packages/celery/fixups/django.py:202: UserWarning: Using settings.DEBUG leads to a memory leak, never use this setting in production environments!
  warnings.warn('Using settings.DEBUG leads to a memory leak, never '
[2017-02-13 23:45:30,787: INFO/MainProcess] celery@sec-tools-02 ready.
[2017-02-13 23:45:30,788: INFO/MainProcess] Received task: scans.tasks.delegate[bec527ea-b6e6-450d-87e7-0ae581b2dc78]  
[2017-02-13 23:45:30,789: INFO/MainProcess] Received task: scans.tasks.delegate[a159c374-1fe4-4c80-9fd1-6ceb7174f699]  
[2017-02-13 23:45:30,789: INFO/MainProcess] Received task: scans.tasks.delegate[b65d52c8-498e-4204-9eb8-4c23adb43701]  
[2017-02-13 23:45:30,790: INFO/MainProcess] Received task: scans.tasks.delegate[6d26ef38-1698-4dd2-be4f-53aa909db304]  
[2017-02-13 23:45:30,790: INFO/MainProcess] Received task: scans.tasks.delegate[38c279fb-7ea2-4acd-b3d5-0696d37b4a21]  
[2017-02-13 23:45:30,791: INFO/MainProcess] Received task: scans.tasks.delegate[4fbd5323-a61e-4141-87df-2486fe551f1c]  
[2017-02-13 23:45:30,791: INFO/MainProcess] Received task: scans.tasks.delegate[5dc7e6fb-3502-4f07-8bb0-f1b789cba9ab]  
[2017-02-13 23:45:30,792: INFO/MainProcess] Received task: scans.tasks.delegate[c1e4ead4-7063-4ea4-be01-9e6b52972035]  
[2017-02-13 23:45:30,792: INFO/MainProcess] Received task: scans.tasks.delegate[2c167904-5005-427f-8ec9-550bafbdc631]  
[2017-02-13 23:45:30,793: INFO/MainProcess] Received task: scans.tasks.delegate[d2660806-d9a9-4035-a861-ff295b10b6d7]  
[2017-02-13 23:45:30,904: WARNING/PoolWorker-3] /home/djayasankar/w3af/w3af_console -s /home/djayasankar/Documents/webscanner/temporary/20174313234312663924scanme.nmap.org/w3af_script.w3af
[2017-02-13 23:45:30,904: WARNING/PoolWorker-19] /home/djayasankar/.rvm/gems/ruby-2.2.4/bin/gauntlt
[2017-02-13 23:45:30,904: WARNING/PoolWorker-12] /home/djayasankar/.rvm/gems/ruby-2.2.4/bin/gauntlt
[2017-02-13 23:45:30,906: WARNING/PoolWorker-15] /home/djayasankar/.rvm/gems/ruby-2.2.4/bin/gauntlt
[2017-02-13 23:45:30,906: WARNING/PoolWorker-21] /home/djayasankar/w3af/w3af_console -s /home/djayasankar/Documents/webscanner/temporary/20174113234115793126scanme.nmap.org/w3af_script.w3af
[2017-02-13 23:45:30,906: WARNING/PoolWorker-8] /home/djayasankar/w3af/w3af_console -s /home/djayasankar/Documents/webscanner/temporary/20174313234312502278scanme.nmap.org/w3af_script.w3af
[2017-02-13 23:45:30,907: WARNING/PoolWorker-13] /home/djayasankar/.rvm/gems/ruby-2.2.4/bin/gauntlt
[2017-02-13 23:45:30,907: WARNING/PoolWorker-20] /home/djayasankar/w3af/w3af_console -s /home/djayasankar/Documents/webscanner/temporary/20173913233928668101scanme.nmap.org/w3af_script.w3af
[2017-02-13 23:45:30,910: WARNING/PoolWorker-11] /home/djayasankar/.rvm/gems/ruby-2.2.4/bin/gauntlt
[2017-02-13 23:45:30,911: WARNING/PoolWorker-18] /home/djayasankar/w3af/w3af_console -s /home/djayasankar/Documents/webscanner/temporary/20174413234441829112scanme.nmap.org/w3af_script.w3af

worker: Warm shutdown (MainProcess)
[2017-02-13 23:45:37,192: INFO/PoolWorker-20] Task scans.tasks.delegate[bec527ea-b6e6-450d-87e7-0ae581b2dc78] succeeded in 6.29638693994s: {'W3af': {'files': [(...), (...)]}}
[2017-02-13 23:45:37,616: INFO/PoolWorker-3] Task scans.tasks.delegate[5dc7e6fb-3502-4f07-8bb0-f1b789cba9ab] succeeded in 6.71988786501s: {'W3af': {'files': [(...), (...)]}}
[2017-02-13 23:45:37,618: INFO/PoolWorker-18] Task scans.tasks.delegate[2c167904-5005-427f-8ec9-550bafbdc631] succeeded in 6.71821962204s: {'W3af': {'files': [(...), (...)]}}
[2017-02-13 23:45:37,654: INFO/PoolWorker-21] Task scans.tasks.delegate[b65d52c8-498e-4204-9eb8-4c23adb43701] succeeded in 6.75851506414s: {'W3af': {'files': [(...), (...)]}}
[2017-02-13 23:45:37,681: INFO/PoolWorker-8] Task scans.tasks.delegate[38c279fb-7ea2-4acd-b3d5-0696d37b4a21] succeeded in 6.78574706009s: {'W3af': {'files': [(...), (...)]}}
[2017-02-13 23:45:38,655: ERROR/MainProcess] Chord callback for '40d40d35-924a-4046-83b4-87473dcdf76f' raised: ChordError(u"Dependency bec527ea-b6e6-450d-87e7-0ae581b2dc78 raised WorkerLostError('Worker exited prematurely: exitcode 0.',)",)
Traceback (most recent call last):
  File "/usr/lib64/python2.7/site-packages/celery/backends/redis.py", line 281, in on_chord_part_return
    callback.delay([unpack(tup, decode) for tup in resl])
  File "/usr/lib64/python2.7/site-packages/celery/backends/redis.py", line 234, in _unpack_chord_result
    raise ChordError('Dependency {0} raised {1!r}'.format(tid, retval))
ChordError: Dependency bec527ea-b6e6-450d-87e7-0ae581b2dc78 raised WorkerLostError('Worker exited prematurely: exitcode 0.',)
[2017-02-13 23:45:38,657: ERROR/MainProcess] Task handler raised error: WorkerLostError('Worker exited prematurely: exitcode 0.',)
Traceback (most recent call last):
  File "/usr/lib64/python2.7/site-packages/billiard/pool.py", line 1224, in mark_as_worker_lost
    human_status(exitcode)),
WorkerLostError: Worker exited prematurely: exitcode 0.
[2017-02-13 23:45:38,659: ERROR/MainProcess] Chord callback for 'f946f5f9-df9c-4c4c-ae4b-d2007199379c' raised: ChordError(u"Dependency 2c167904-5005-427f-8ec9-550bafbdc631 raised WorkerLostError('Worker exited prematurely: exitcode 0.',)",)
Traceback (most recent call last):
  File "/usr/lib64/python2.7/site-packages/celery/backends/redis.py", line 281, in on_chord_part_return
    callback.delay([unpack(tup, decode) for tup in resl])
  File "/usr/lib64/python2.7/site-packages/celery/backends/redis.py", line 234, in _unpack_chord_result
    raise ChordError('Dependency {0} raised {1!r}'.format(tid, retval))
ChordError: Dependency 2c167904-5005-427f-8ec9-550bafbdc631 raised WorkerLostError('Worker exited prematurely: exitcode 0.',)
[2017-02-13 23:45:38,660: ERROR/MainProcess] Task handler raised error: WorkerLostError('Worker exited prematurely: exitcode 0.',)
Traceback (most recent call last):
  File "/usr/lib64/python2.7/site-packages/billiard/pool.py", line 1224, in mark_as_worker_lost
    human_status(exitcode)),
WorkerLostError: Worker exited prematurely: exitcode 0.
[2017-02-13 23:45:38,683: ERROR/MainProcess] Chord callback for 'eca61e1e-47fc-4d21-8ddb-661efc338c09' raised: ChordError(u"Dependency b65d52c8-498e-4204-9eb8-4c23adb43701 raised WorkerLostError('Worker exited prematurely: exitcode 0.',)",)
Traceback (most recent call last):
  File "/usr/lib64/python2.7/site-packages/celery/backends/redis.py", line 281, in on_chord_part_return
    callback.delay([unpack(tup, decode) for tup in resl])
  File "/usr/lib64/python2.7/site-packages/celery/backends/redis.py", line 234, in _unpack_chord_result
    raise ChordError('Dependency {0} raised {1!r}'.format(tid, retval))
ChordError: Dependency b65d52c8-498e-4204-9eb8-4c23adb43701 raised WorkerLostError('Worker exited prematurely: exitcode 0.',)
[2017-02-13 23:45:38,684: ERROR/MainProcess] Task handler raised error: WorkerLostError('Worker exited prematurely: exitcode 0.',)
Traceback (most recent call last):
  File "/usr/lib64/python2.7/site-packages/billiard/pool.py", line 1224, in mark_as_worker_lost
    human_status(exitcode)),
WorkerLostError: Worker exited prematurely: exitcode 0.
[2017-02-13 23:45:39,197: ERROR/MainProcess] Chord callback for 'f23ac622-6639-4639-ae53-519648e30659' raised: ChordError(u"Dependency 38c279fb-7ea2-4acd-b3d5-0696d37b4a21 raised WorkerLostError('Worker exited prematurely: exitcode 0.',)",)
Traceback (most recent call last):
  File "/usr/lib64/python2.7/site-packages/celery/backends/redis.py", line 281, in on_chord_part_return
    callback.delay([unpack(tup, decode) for tup in resl])
  File "/usr/lib64/python2.7/site-packages/celery/backends/redis.py", line 234, in _unpack_chord_result
    raise ChordError('Dependency {0} raised {1!r}'.format(tid, retval))
ChordError: Dependency 38c279fb-7ea2-4acd-b3d5-0696d37b4a21 raised WorkerLostError('Worker exited prematurely: exitcode 0.',)
[2017-02-13 23:45:39,199: ERROR/MainProcess] Task handler raised error: WorkerLostError('Worker exited prematurely: exitcode 0.',)
Traceback (most recent call last):
  File "/usr/lib64/python2.7/site-packages/billiard/pool.py", line 1224, in mark_as_worker_lost
    human_status(exitcode)),
WorkerLostError: Worker exited prematurely: exitcode 0.
[2017-02-13 23:45:46,888: INFO/MainProcess] Connected to amqp://guest:**@127.0.0.1:5672//
[2017-02-13 23:45:46,899: INFO/MainProcess] mingle: searching for neighbors
[2017-02-13 23:45:47,919: INFO/MainProcess] mingle: all alone
[2017-02-13 23:45:47,932: WARNING/MainProcess] /usr/lib64/python2.7/site-packages/celery/fixups/django.py:202: UserWarning: Using settings.DEBUG leads to a memory leak, never use this setting in production environments!
  warnings.warn('Using settings.DEBUG leads to a memory leak, never '
[2017-02-13 23:45:47,932: INFO/MainProcess] celery@sec-tools-02 ready.
[2017-02-13 23:46:15,050: INFO/MainProcess] Received task: scans.tasks.delegate[4e56ea0a-e684-4287-ac15-327868fbf160]  
[2017-02-13 23:46:15,051: INFO/MainProcess] Received task: scans.tasks.delegate[dbfcd7cd-bbfe-4799-a1b1-d781f00c22cf]  
[2017-02-13 23:46:15,962: WARNING/PoolWorker-10] /home/djayasankar/.rvm/gems/ruby-2.2.4/bin/gauntlt
[2017-02-13 23:46:15,962: WARNING/PoolWorker-2] /home/djayasankar/w3af/w3af_console -s /home/djayasankar/Documents/webscanner/temporary/20174613234615002894scanme.nmap.org/w3af_script.w3af
[2017-02-13 23:46:21,904: INFO/PoolWorker-2] Task scans.tasks.delegate[4e56ea0a-e684-4287-ac15-327868fbf160] succeeded in 5.94861384504s: {'W3af': {'files': [(...), (...)]}}
[2017-02-13 23:48:28,587: INFO/PoolWorker-10] Task scans.tasks.delegate[dbfcd7cd-bbfe-4799-a1b1-d781f00c22cf] succeeded in 132.631833991s: {'Gauntlt': {'files': [(...), (...), (...)]}}
[2017-02-13 23:48:28,588: INFO/MainProcess] Received task: scans.tasks.collect_results[1bb9dbc7-353b-4e38-af0e-0e471bc61708]  
[2017-02-13 23:48:28,595: INFO/PoolWorker-9] [[u'/home/djayasankar/Documents/webscanner/temporary/20174613234615002894scanme.nmap.org/w3af_script.w3af', u'D'], [u'/home/djayasankar/Documents/webscanner/temporary/20174613234615002894scanme.nmap.org/w3af_results.xml', u'S'], [u'/home/djayasankar/Documents/webscanner/config/cucumber.yml', u'D'], [u'/home/djayasankar/Documents/webscanner/temporary/20174613234615002894scanme.nmap.org/arachni_tests.xml', u'S'], [u'/home/djayasankar/Documents/webscanner/temporary/20174613234615002894scanme.nmap.org/arachni_tests.afr', u'D']]
[2017-02-13 23:48:28,621: INFO/PoolWorker-9] Task scans.tasks.collect_results[1bb9dbc7-353b-4e38-af0e-0e471bc61708] succeeded in 0.0314479619265s: [['/home/djayasankar/Documents/webscanner/temporary/20174613234615002894scanme.nmap.org/w3af_script.w3af', 'D'], ['/home/djayasankar/Documents/webscanner/temporary/20174613234615002894scanme.nmap.org/w3af_results.xml', 'S'], ['/home/djayasankar/Documents/webscanner/config/cucumber.yml', 'D'], ['/home/djayasankar/Documents/webscanner/temporary/20174613234615002894scanme.nmap.org/arachni_tests.xml', 'S'], ['/home/djayasankar/Documents/webscanner/temporary/20174613234615002894scanme.nmap.org/arachni_tests.afr', 'D']]
