2017-01-27 18:52:16,954 [ERROR] scarab: Scan plan missing tool selection.
2017-01-27 18:52:31,346 [ERROR] scarab: Scan plan missing tool selection.
2017-01-27 18:52:34,594 [ERROR] scarab: Scan plan missing tool selection.
2017-01-27 20:01:42,294 [ERROR] scarab: Scan plan missing tool selection.
2017-01-27 20:03:18,279 [ERROR] scarab: Scan plan missing tool selection.
2017-01-27 20:04:24,743 [ERROR] scarab: Scan plan missing tool selection.
2017-01-27 20:05:14,712 [ERROR] scarab: Scan plan missing tool selection.
2017-01-27 20:05:23,319 [ERROR] scarab: Scan plan missing tool selection.
2017-01-27 20:05:26,571 [ERROR] scarab: Scan plan missing tool selection.
2017-01-30 16:15:17,157 [ERROR] scarab: Scan plan missing tool selection.
2017-01-30 17:11:18,907 [ERROR] scarab: Scan plan missing tool selection.
2017-01-30 17:11:24,130 [ERROR] scarab: Scan plan missing tool selection.
2017-01-30 17:11:27,297 [ERROR] scarab: Scan plan missing tool selection.
2017-01-30 17:11:37,254 [ERROR] scarab: Scan plan missing tool selection.
2017-01-30 17:11:41,100 [ERROR] scarab: Scan plan missing tool selection.
2017-01-30 17:32:09,544 [ERROR] scarab: Scan plan missing tool selection.
2017-01-30 17:32:17,075 [ERROR] scarab: Scan plan missing tool selection.
2017-01-30 17:32:21,460 [ERROR] scarab: Scan plan missing tool selection.
2017-01-30 18:56:41,291 [ERROR] scarab: Scan plan missing tool selection.
2017-01-30 18:56:50,847 [ERROR] scarab: Scan plan missing tool selection.
2017-01-30 18:56:53,105 [ERROR] scarab: Scan plan missing tool selection.
2017-01-31 18:12:59,875 [ERROR] scarab: Scan plan missing tool selection.
2017-01-31 21:59:52,909 [ERROR] scarab: Scan plan missing tool selection.
2017-01-31 22:00:08,156 [ERROR] scarab: Scan plan missing tool selection.
2017-01-31 22:00:11,183 [ERROR] scarab: Scan plan missing tool selection.
2017-01-31 22:43:16,362 [ERROR] scarab: Scan plan missing tool selection.
2017-01-31 22:43:25,568 [ERROR] scarab: Scan plan missing tool selection.
2017-01-31 22:43:31,375 [ERROR] scarab: Scan plan missing tool selection.
2017-01-31 22:43:38,118 [ERROR] scarab: Scan plan missing tool selection.
2017-01-31 22:43:48,780 [ERROR] scarab: Scan plan missing tool selection.
2017-01-31 22:43:56,852 [ERROR] scarab: Scan plan missing tool selection.
2017-01-31 22:44:44,274 [ERROR] scarab: Scan plan missing tool selection.
2017-01-31 22:44:52,968 [ERROR] scarab: Scan plan missing tool selection.
2017-01-31 22:45:15,786 [ERROR] scarab: Scan plan missing tool selection.
2017-01-31 22:45:20,322 [ERROR] scarab: Scan plan missing tool selection.
2017-01-31 22:45:52,475 [ERROR] scarab: Scan plan missing tool selection.
2017-01-31 22:46:50,395 [ERROR] scarab: Scan plan missing tool selection.
2017-01-31 22:46:55,165 [ERROR] scarab: Scan plan missing tool selection.
2017-01-31 22:47:22,249 [ERROR] scarab: Scan plan missing tool selection.
2017-01-31 22:47:56,048 [ERROR] scarab: Scan plan missing tool selection.
2017-01-31 22:50:16,789 [ERROR] scarab: Scan plan missing tool selection.
2017-01-31 22:50:39,896 [ERROR] scarab: Scan plan missing tool selection.
2017-01-31 22:50:56,498 [ERROR] scarab: Scan plan missing tool selection.
2017-01-31 22:50:59,489 [ERROR] scarab: Scan plan missing tool selection.
2017-01-31 22:51:55,150 [ERROR] scarab: Scan plan missing tool selection.
2017-01-31 23:00:54,684 [ERROR] scarab: Scan plan missing tool selection.
2017-01-31 23:01:30,676 [ERROR] scarab: Scan plan missing tool selection.
2017-01-31 23:02:48,515 [ERROR] scarab: Scan plan missing tool selection.
2017-01-31 23:03:01,155 [ERROR] scarab: Scan plan missing tool selection.
2017-01-31 23:03:38,772 [ERROR] scarab: Scan plan missing tool selection.
2017-01-31 23:05:57,359 [ERROR] scarab: Scan plan missing tool selection.
2017-01-31 23:06:08,892 [ERROR] scarab: Scan plan missing tool selection.
2017-01-31 23:06:14,147 [ERROR] scarab: Scan plan missing tool selection.
2017-01-31 23:06:29,253 [ERROR] scarab: Scan plan missing tool selection.
2017-01-31 23:06:40,983 [ERROR] scarab: Scan plan missing tool selection.
2017-01-31 23:06:46,003 [ERROR] scarab: Scan plan missing tool selection.
2017-01-31 23:08:45,874 [ERROR] scarab: Scan plan missing tool selection.
2017-01-31 23:25:31,274 [ERROR] scarab: Scan plan missing tool selection.
2017-01-31 23:25:44,687 [ERROR] scarab: Scan plan missing tool selection.
2017-01-31 23:26:09,826 [ERROR] scarab: Scan plan missing tool selection.
2017-01-31 23:27:28,101 [ERROR] scarab: Scan plan missing tool selection.
2017-01-31 23:27:36,040 [ERROR] scarab: Scan plan missing tool selection.
2017-01-31 23:33:04,566 [ERROR] scarab: Scan plan missing tool selection.
2017-01-31 23:33:17,019 [ERROR] scarab: Scan plan missing tool selection.
2017-01-31 23:34:23,442 [ERROR] scarab: Scan plan missing tool selection.
2017-01-31 23:34:39,186 [ERROR] scarab: Scan plan missing tool selection.
2017-01-31 23:36:48,216 [ERROR] scarab: Scan plan missing tool selection.
2017-01-31 23:36:55,609 [ERROR] scarab: Scan plan missing tool selection.
2017-01-31 23:38:35,473 [ERROR] scarab: Scan plan missing tool selection.
2017-01-31 23:40:20,583 [ERROR] scarab: Scan plan missing tool selection.
2017-01-31 23:41:01,576 [ERROR] scarab: Scan plan missing tool selection.
2017-01-31 23:41:56,743 [ERROR] scarab: Scan plan missing tool selection.
2017-01-31 23:41:58,083 [ERROR] scarab: Scan plan missing tool selection.
2017-01-31 23:44:30,681 [ERROR] scarab: Scan plan missing tool selection.
2017-01-31 23:44:38,753 [ERROR] scarab: Scan plan missing tool selection.
2017-01-31 23:46:24,022 [ERROR] scarab: Scan plan missing tool selection.
2017-01-31 23:46:27,531 [ERROR] scarab: Scan plan missing tool selection.
2017-01-31 23:46:29,693 [ERROR] scarab: Scan plan missing tool selection.
2017-01-31 23:46:39,147 [ERROR] scarab: Scan plan missing tool selection.
2017-01-31 23:46:40,563 [ERROR] scarab: Scan plan missing tool selection.
2017-01-31 23:46:41,723 [ERROR] scarab: Scan plan missing tool selection.
2017-01-31 23:46:42,775 [ERROR] scarab: Scan plan missing tool selection.
2017-01-31 23:46:45,309 [ERROR] scarab: Scan plan missing tool selection.
2017-01-31 23:47:18,642 [ERROR] scarab: Scan plan missing tool selection.
2017-01-31 23:47:21,490 [ERROR] scarab: Scan plan missing tool selection.
2017-01-31 23:47:34,762 [ERROR] scarab: Scan plan missing tool selection.
2017-02-06 15:59:06,864 [ERROR] scarab: Scan plan missing tool selection.
2017-02-06 15:59:26,769 [ERROR] scarab: Scan plan missing tool selection.
2017-02-06 17:25:12,977 [ERROR] scarab: Scan plan missing tool selection.
2017-02-06 17:25:46,255 [ERROR] scarab: Scan plan missing tool selection.
2017-02-06 17:25:50,008 [ERROR] scarab: Scan plan missing tool selection.
2017-02-06 17:26:01,781 [ERROR] scarab: Scan plan missing tool selection.
2017-02-06 19:35:50,341 [ERROR] scarab: Scan plan missing tool selection.
2017-02-07 16:51:42,342 [ERROR] scarab: Scan plan missing tool selection.
2017-02-07 17:43:37,746 [ERROR] scarab: Scan plan missing tool selection.
2017-02-07 19:33:47,337 [ERROR] scarab: Scan plan missing tool selection.
2017-02-07 19:34:02,977 [ERROR] scarab: Scan plan missing tool selection.
2017-02-08 21:48:53,418 [ERROR] scarab: Scan plan missing tool selection.
2017-02-08 22:52:11,811 [ERROR] scarab: Scan plan missing tool selection.
2017-02-08 22:52:16,543 [ERROR] scarab: Scan plan missing tool selection.
2017-02-08 22:52:39,393 [ERROR] scarab: Scan plan missing tool selection.
2017-02-08 22:52:40,499 [ERROR] scarab: Scan plan missing tool selection.
2017-02-08 22:52:45,055 [ERROR] scarab: Scan plan missing tool selection.
2017-02-08 22:52:50,600 [ERROR] scarab: Scan plan missing tool selection.
2017-03-02 12:03:20,509 [ERROR] scarab: The requested resource does not support one or more of the given parameters.
2017-03-02 12:08:37,579 [ERROR] scarab: The requested resource does not support one or more of the given parameters.
2017-03-02 12:10:14,688 [ERROR] scarab: The requested resource does not support one or more of the given parameters.
2017-03-02 12:20:13,929 [ERROR] scarab: The requested resource does not support one or more of the given parameters.
2017-03-02 15:09:11,464 [ERROR] scarab: The requested resource does not support one or more of the given parameters.
2017-03-02 15:11:59,521 [ERROR] scarab: I/O error: "There is no item named u'cNlgEAsAuU/w' in the archive"
2017-03-02 15:11:59,521 [ERROR] scarab: Resource Not Found
2017-03-02 15:12:51,861 [ERROR] scarab: I/O error: "There is no item named u'cNlgEAsAuU/w' in the archive"
2017-03-02 15:12:51,861 [ERROR] scarab: Resource Not Found
2017-03-02 15:14:08,735 [ERROR] scarab: I/O error: "There is no item named u'cNlgEAsAuU/w' in the archive"
2017-03-02 15:14:08,735 [ERROR] scarab: Resource Not Found
2017-03-02 15:47:04,721 [ERROR] scarab: The requested resource does not support one or more of the given parameters.
2017-03-02 16:14:00,911 [ERROR] scarab: The requested resource does not support one or more of the given parameters.
2017-03-03 12:30:13,955 [ERROR] scarab: I/O error: "There is no item named u'7okuMjFh4W/w' in the archive"
2017-03-03 12:30:22,048 [ERROR] scarab: I/O error: "There is no item named u'7okuMjFh4W/w' in the archive"
2017-03-03 12:31:25,053 [ERROR] scarab: I/O error: "There is no item named u'7okuMjFh4W/w' in the archive"
2017-03-06 11:38:17,913 [ERROR] scarab: Scan: http://scanme.nmap.org, Tool: gauntlt, Class: <class 'plugins.gauntlt.Gauntlt'>, Other: [Errno 17] File exists: '/home/djayasankar/Documents/webscanner/temporary/hFd3iNKcuS'
